Looking for configuration from config.yml ...:Sun Oct  8 20:52:03 2017
STREAM START:Sun Oct  8 20:52:03 2017
Start Document:Sun Oct  8 20:52:03 2017
Got scalar (value STEP):Sun Oct  8 20:52:03 2017
Got scalar (value 10):Sun Oct  8 20:52:03 2017
Got scalar (value PIPE):Sun Oct  8 20:52:03 2017
Got scalar (value plcpipe):Sun Oct  8 20:52:03 2017
Got scalar (value HW):Sun Oct  8 20:52:03 2017
Got scalar (value STDI/O):Sun Oct  8 20:52:03 2017
Got scalar (value USPACE):Sun Oct  8 20:52:03 2017
Got scalar (value BASE):Sun Oct  8 20:52:03 2017
Got scalar (value 50176):Sun Oct  8 20:52:03 2017
Got scalar (value WR):Sun Oct  8 20:52:03 2017
Got scalar (value 4):Sun Oct  8 20:52:03 2017
Got scalar (value RD):Sun Oct  8 20:52:03 2017
Got scalar (value 0):Sun Oct  8 20:52:03 2017
End Mapping:Sun Oct  8 20:52:03 2017
Start Mapping:Sun Oct  8 20:52:03 2017
Got scalar (value COMEDI):Sun Oct  8 20:52:03 2017
Got scalar (value FILE):Sun Oct  8 20:52:03 2017
Got scalar (value 0,):Sun Oct  8 20:52:03 2017
Got scalar (value SUBDEV):Sun Oct  8 20:52:03 2017
Got scalar (value IN):Sun Oct  8 20:52:03 2017
Got scalar (value 0):Sun Oct  8 20:52:03 2017
Got scalar (value OUT):Sun Oct  8 20:52:03 2017
Got scalar (value 1):Sun Oct  8 20:52:03 2017
End Mapping:Sun Oct  8 20:52:03 2017
Start Mapping:Sun Oct  8 20:52:03 2017
End Mapping:Sun Oct  8 20:52:03 2017
Start Mapping:Sun Oct  8 20:52:03 2017
Got scalar (value SIM):Sun Oct  8 20:52:03 2017
Got scalar (value INPUT):Sun Oct  8 20:52:03 2017
Got scalar (value sim.in):Sun Oct  8 20:52:03 2017
Got scalar (value OUTPUT):Sun Oct  8 20:52:03 2017
Got scalar (value sim.out):Sun Oct  8 20:52:03 2017
End Mapping:Sun Oct  8 20:52:03 2017
Start Mapping:Sun Oct  8 20:52:03 2017
Got scalar (value DI):Sun Oct  8 20:52:03 2017
Start Sequence:Sun Oct  8 20:52:03 2017
Got scalar (value 4):Sun Oct  8 20:52:03 2017
Got scalar (value INDEX):Sun Oct  8 20:52:03 2017
Got scalar (value 0):Sun Oct  8 20:52:03 2017
Got scalar (value ID):Sun Oct  8 20:52:03 2017
Got scalar (value A):Sun Oct  8 20:52:03 2017
End Mapping:Sun Oct  8 20:52:03 2017
Start Mapping:Sun Oct  8 20:52:03 2017
Got scalar (value INDEX):Sun Oct  8 20:52:03 2017
Got scalar (value 1):Sun Oct  8 20:52:03 2017
Got scalar (value ID):Sun Oct  8 20:52:03 2017
Got scalar (value B):Sun Oct  8 20:52:03 2017
End Mapping:Sun Oct  8 20:52:03 2017
Start Mapping:Sun Oct  8 20:52:03 2017
Got scalar (value INDEX):Sun Oct  8 20:52:03 2017
Got scalar (value 2):Sun Oct  8 20:52:03 2017
Got scalar (value ID):Sun Oct  8 20:52:03 2017
Got scalar (value C):Sun Oct  8 20:52:03 2017
End Mapping:Sun Oct  8 20:52:03 2017
Start Mapping:Sun Oct  8 20:52:03 2017
End Sequence:Sun Oct  8 20:52:03 2017
Got scalar (value DQ):Sun Oct  8 20:52:03 2017
Start Sequence:Sun Oct  8 20:52:03 2017
Got scalar (value 4):Sun Oct  8 20:52:03 2017
Got scalar (value INDEX):Sun Oct  8 20:52:03 2017
Got scalar (value 0):Sun Oct  8 20:52:03 2017
Got scalar (value ID):Sun Oct  8 20:52:03 2017
Got scalar (value RESULT):Sun Oct  8 20:52:03 2017
End Mapping:Sun Oct  8 20:52:03 2017
Start Mapping:Sun Oct  8 20:52:03 2017
End Sequence:Sun Oct  8 20:52:03 2017
Got scalar (value TIMERS):Sun Oct  8 20:52:03 2017
Start Sequence:Sun Oct  8 20:52:03 2017
Got scalar (value 2):Sun Oct  8 20:52:03 2017
Got scalar (value INDEX):Sun Oct  8 20:52:03 2017
Got scalar (value 1):Sun Oct  8 20:52:03 2017
Got scalar (value RESOLUTION):Sun Oct  8 20:52:03 2017
Got scalar (value 10):Sun Oct  8 20:52:03 2017
Got scalar (value PRESET):Sun Oct  8 20:52:03 2017
Got scalar (value 10):Sun Oct  8 20:52:03 2017
End Mapping:Sun Oct  8 20:52:03 2017
Start Mapping:Sun Oct  8 20:52:03 2017
End Sequence:Sun Oct  8 20:52:03 2017
Got scalar (value PULSES):Sun Oct  8 20:52:03 2017
Start Sequence:Sun Oct  8 20:52:03 2017
Got scalar (value 2):Sun Oct  8 20:52:03 2017
Got scalar (value INDEX):Sun Oct  8 20:52:03 2017
Got scalar (value 1):Sun Oct  8 20:52:03 2017
Got scalar (value RESOLUTION):Sun Oct  8 20:52:03 2017
Got scalar (value 100):Sun Oct  8 20:52:03 2017
End Mapping:Sun Oct  8 20:52:03 2017
Start Mapping:Sun Oct  8 20:52:03 2017
End Sequence:Sun Oct  8 20:52:03 2017
Got scalar (value LD):Sun Oct  8 20:52:03 2017
Got scalar (value triple_majority.ld):Sun Oct  8 20:52:03 2017
End Mapping:Sun Oct  8 20:52:03 2017
Start Mapping:Sun Oct  8 20:52:03 2017
End Document:Sun Oct  8 20:52:03 2017
STREAM END:Sun Oct  8 20:52:03 2017
program interrupted:Sun Oct  8 20:53:03 2017
Total loops: 6529:Sun Oct  8 20:53:03 2017
Average loop time: 9247.842089 us:Sun Oct  8 20:53:03 2017
Standard deviation: +-79.527592 us:Sun Oct  8 20:53:03 2017
