This file contains any messages produced by compilers while
running configure, to aid debugging if configure makes a mistake.

It was created by plcemu configure 1.5, which was
generated by GNU Autoconf 2.69.  Invocation command line was

  $ ./configure -enable-sim

## --------- ##
## Platform. ##
## --------- ##

hostname = elvis
uname -m = x86_64
uname -r = 3.2.0-4-amd64
uname -s = Linux
uname -v = #1 SMP Debian 3.2.57-3+deb7u2

/usr/bin/uname -p = unknown
/bin/uname -X     = unknown

/bin/arch              = unknown
/usr/bin/arch -k       = unknown
/usr/convex/getsysinfo = unknown
/usr/bin/hostinfo      = unknown
/bin/machine           = unknown
/usr/bin/oslevel       = unknown
/bin/universe          = unknown

PATH: /usr/local/bin
PATH: /usr/bin
PATH: /bin
PATH: /usr/local/games
PATH: /usr/games


## ----------- ##
## Core tests. ##
## ----------- ##

configure:2307: checking for a BSD-compatible install
configure:2375: result: /usr/bin/install -c
configure:2386: checking whether build environment is sane
configure:2436: result: yes
configure:2577: checking for a thread-safe mkdir -p
configure:2616: result: /bin/mkdir -p
configure:2629: checking for gawk
configure:2645: found /usr/bin/gawk
configure:2656: result: gawk
configure:2667: checking whether make sets $(MAKE)
configure:2689: result: yes
configure:2820: checking for gcc
configure:2836: found /usr/bin/gcc
configure:2847: result: gcc
configure:3076: checking for C compiler version
configure:3085: gcc --version >&5
gcc (Debian 4.7.2-5) 4.7.2
Copyright (C) 2012 Free Software Foundation, Inc.
This is free software; see the source for copying conditions.  There is NO
warranty; not even for MERCHANTABILITY or FITNESS FOR A PARTICULAR PURPOSE.

configure:3096: $? = 0
configure:3085: gcc -v >&5
Using built-in specs.
COLLECT_GCC=gcc
COLLECT_LTO_WRAPPER=/usr/lib/gcc/x86_64-linux-gnu/4.7/lto-wrapper
Target: x86_64-linux-gnu
Configured with: ../src/configure -v --with-pkgversion='Debian 4.7.2-5' --with-bugurl=file:///usr/share/doc/gcc-4.7/README.Bugs --enable-languages=c,c++,go,fortran,objc,obj-c++ --prefix=/usr --program-suffix=-4.7 --enable-shared --enable-linker-build-id --with-system-zlib --libexecdir=/usr/lib --without-included-gettext --enable-threads=posix --with-gxx-include-dir=/usr/include/c++/4.7 --libdir=/usr/lib --enable-nls --with-sysroot=/ --enable-clocale=gnu --enable-libstdcxx-debug --enable-libstdcxx-time=yes --enable-gnu-unique-object --enable-plugin --enable-objc-gc --with-arch-32=i586 --with-tune=generic --enable-checking=release --build=x86_64-linux-gnu --host=x86_64-linux-gnu --target=x86_64-linux-gnu
Thread model: posix
gcc version 4.7.2 (Debian 4.7.2-5) 
configure:3096: $? = 0
configure:3085: gcc -V >&5
gcc: error: unrecognized command line option '-V'
gcc: fatal error: no input files
compilation terminated.
configure:3096: $? = 4
configure:3085: gcc -qversion >&5
gcc: error: unrecognized command line option '-qversion'
gcc: fatal error: no input files
compilation terminated.
configure:3096: $? = 4
configure:3116: checking whether the C compiler works
configure:3138: gcc    conftest.c  >&5
configure:3142: $? = 0
configure:3190: result: yes
configure:3193: checking for C compiler default output file name
configure:3195: result: a.out
configure:3201: checking for suffix of executables
configure:3208: gcc -o conftest    conftest.c  >&5
configure:3212: $? = 0
configure:3234: result: 
configure:3256: checking whether we are cross compiling
configure:3264: gcc -o conftest    conftest.c  >&5
configure:3268: $? = 0
configure:3275: ./conftest
configure:3279: $? = 0
configure:3294: result: no
configure:3299: checking for suffix of object files
configure:3321: gcc -c   conftest.c >&5
configure:3325: $? = 0
configure:3346: result: o
configure:3350: checking whether we are using the GNU C compiler
configure:3369: gcc -c   conftest.c >&5
configure:3369: $? = 0
configure:3378: result: yes
configure:3387: checking whether gcc accepts -g
configure:3407: gcc -c -g  conftest.c >&5
configure:3407: $? = 0
configure:3448: result: yes
configure:3465: checking for gcc option to accept ISO C89
configure:3528: gcc  -c -g -O2  conftest.c >&5
configure:3528: $? = 0
configure:3541: result: none needed
configure:3572: checking for style of include used by make
configure:3600: result: GNU
configure:3626: checking dependency style of gcc
configure:3737: result: gcc3
configure:3782: checking build system type
configure:3796: result: x86_64-unknown-linux-gnu
configure:3816: checking host system type
configure:3829: result: x86_64-unknown-linux-gnu
configure:3870: checking how to print strings
configure:3897: result: printf
configure:3918: checking for a sed that does not truncate output
configure:3982: result: /bin/sed
configure:4000: checking for grep that handles long lines and -e
configure:4058: result: /bin/grep
configure:4063: checking for egrep
configure:4125: result: /bin/grep -E
configure:4130: checking for fgrep
configure:4192: result: /bin/grep -F
configure:4227: checking for ld used by gcc
configure:4294: result: /usr/bin/ld
configure:4301: checking if the linker (/usr/bin/ld) is GNU ld
configure:4316: result: yes
configure:4328: checking for BSD- or MS-compatible name lister (nm)
configure:4377: result: /usr/bin/nm -B
configure:4507: checking the name lister (/usr/bin/nm -B) interface
configure:4514: gcc -c -g -O2  conftest.c >&5
configure:4517: /usr/bin/nm -B "conftest.o"
configure:4520: output
0000000000000000 B some_variable
configure:4527: result: BSD nm
configure:4530: checking whether ln -s works
configure:4534: result: yes
configure:4542: checking the maximum length of command line arguments
configure:4672: result: 1572864
configure:4689: checking whether the shell understands some XSI constructs
configure:4699: result: yes
configure:4703: checking whether the shell understands "+="
configure:4709: result: yes
configure:4744: checking how to convert x86_64-unknown-linux-gnu file names to x86_64-unknown-linux-gnu format
configure:4784: result: func_convert_file_noop
configure:4791: checking how to convert x86_64-unknown-linux-gnu file names to toolchain format
configure:4811: result: func_convert_file_noop
configure:4818: checking for /usr/bin/ld option to reload object files
configure:4825: result: -r
configure:4899: checking for objdump
configure:4915: found /usr/bin/objdump
configure:4926: result: objdump
configure:4958: checking how to recognize dependent libraries
configure:5156: result: pass_all
configure:5241: checking for dlltool
configure:5271: result: no
configure:5301: checking how to associate runtime and link libraries
configure:5328: result: printf %s\n
configure:5389: checking for ar
configure:5405: found /usr/bin/ar
configure:5416: result: ar
configure:5453: checking for archiver @FILE support
configure:5470: gcc -c -g -O2  conftest.c >&5
configure:5470: $? = 0
configure:5473: ar cru libconftest.a @conftest.lst >&5
configure:5476: $? = 0
configure:5481: ar cru libconftest.a @conftest.lst >&5
ar: conftest.o: No such file or directory
configure:5484: $? = 1
configure:5496: result: @
configure:5554: checking for strip
configure:5570: found /usr/bin/strip
configure:5581: result: strip
configure:5653: checking for ranlib
configure:5669: found /usr/bin/ranlib
configure:5680: result: ranlib
configure:5782: checking command to parse /usr/bin/nm -B output from gcc object
configure:5902: gcc -c -g -O2  conftest.c >&5
configure:5905: $? = 0
configure:5909: /usr/bin/nm -B conftest.o \| sed -n -e 's/^.*[ ]\([ABCDGIRSTW][ABCDGIRSTW]*\)[ ][ ]*\([_A-Za-z][_A-Za-z0-9]*\)$/\1 \2 \2/p' | sed '/ __gnu_lto/d' \> conftest.nm
configure:5912: $? = 0
configure:5978: gcc -o conftest -g -O2   conftest.c conftstm.o >&5
configure:5981: $? = 0
configure:6019: result: ok
configure:6056: checking for sysroot
configure:6086: result: no
configure:6163: gcc -c -g -O2  conftest.c >&5
configure:6166: $? = 0
configure:6342: checking for mt
configure:6358: found /bin/mt
configure:6369: result: mt
configure:6392: checking if mt is a manifest tool
configure:6398: mt '-?'
configure:6406: result: no
configure:7048: checking how to run the C preprocessor
configure:7079: gcc -E  conftest.c
configure:7079: $? = 0
configure:7093: gcc -E  conftest.c
conftest.c:11:28: fatal error: ac_nonexistent.h: No such file or directory
compilation terminated.
configure:7093: $? = 1
configure: failed program was:
| /* confdefs.h */
| #define PACKAGE_NAME "plcemu"
| #define PACKAGE_TARNAME "plcemu"
| #define PACKAGE_VERSION "1.5"
| #define PACKAGE_STRING "plcemu 1.5"
| #define PACKAGE_BUGREPORT "kalamara@users.sourceforge.net"
| #define PACKAGE_URL ""
| #define PACKAGE "plcemu"
| #define VERSION "1.5"
| /* end confdefs.h.  */
| #include <ac_nonexistent.h>
configure:7118: result: gcc -E
configure:7138: gcc -E  conftest.c
configure:7138: $? = 0
configure:7152: gcc -E  conftest.c
conftest.c:11:28: fatal error: ac_nonexistent.h: No such file or directory
compilation terminated.
configure:7152: $? = 1
configure: failed program was:
| /* confdefs.h */
| #define PACKAGE_NAME "plcemu"
| #define PACKAGE_TARNAME "plcemu"
| #define PACKAGE_VERSION "1.5"
| #define PACKAGE_STRING "plcemu 1.5"
| #define PACKAGE_BUGREPORT "kalamara@users.sourceforge.net"
| #define PACKAGE_URL ""
| #define PACKAGE "plcemu"
| #define VERSION "1.5"
| /* end confdefs.h.  */
| #include <ac_nonexistent.h>
configure:7181: checking for ANSI C header files
configure:7201: gcc -c -g -O2  conftest.c >&5
configure:7201: $? = 0
configure:7274: gcc -o conftest -g -O2   conftest.c  >&5
configure:7274: $? = 0
configure:7274: ./conftest
configure:7274: $? = 0
configure:7285: result: yes
configure:7298: checking for sys/types.h
configure:7298: gcc -c -g -O2  conftest.c >&5
configure:7298: $? = 0
configure:7298: result: yes
configure:7298: checking for sys/stat.h
configure:7298: gcc -c -g -O2  conftest.c >&5
configure:7298: $? = 0
configure:7298: result: yes
configure:7298: checking for stdlib.h
configure:7298: gcc -c -g -O2  conftest.c >&5
configure:7298: $? = 0
configure:7298: result: yes
configure:7298: checking for string.h
configure:7298: gcc -c -g -O2  conftest.c >&5
configure:7298: $? = 0
configure:7298: result: yes
configure:7298: checking for memory.h
configure:7298: gcc -c -g -O2  conftest.c >&5
configure:7298: $? = 0
configure:7298: result: yes
configure:7298: checking for strings.h
configure:7298: gcc -c -g -O2  conftest.c >&5
configure:7298: $? = 0
configure:7298: result: yes
configure:7298: checking for inttypes.h
configure:7298: gcc -c -g -O2  conftest.c >&5
configure:7298: $? = 0
configure:7298: result: yes
configure:7298: checking for stdint.h
configure:7298: gcc -c -g -O2  conftest.c >&5
configure:7298: $? = 0
configure:7298: result: yes
configure:7298: checking for unistd.h
configure:7298: gcc -c -g -O2  conftest.c >&5
configure:7298: $? = 0
configure:7298: result: yes
configure:7312: checking for dlfcn.h
configure:7312: gcc -c -g -O2  conftest.c >&5
configure:7312: $? = 0
configure:7312: result: yes
configure:7518: checking for objdir
configure:7533: result: .libs
configure:7800: checking if gcc supports -fno-rtti -fno-exceptions
configure:7818: gcc -c -g -O2  -fno-rtti -fno-exceptions conftest.c >&5
cc1: warning: command line option '-fno-rtti' is valid for C++/ObjC++ but not for C [enabled by default]
configure:7822: $? = 0
configure:7835: result: no
configure:8162: checking for gcc option to produce PIC
configure:8169: result: -fPIC -DPIC
configure:8177: checking if gcc PIC flag -fPIC -DPIC works
configure:8195: gcc -c -g -O2  -fPIC -DPIC -DPIC conftest.c >&5
configure:8199: $? = 0
configure:8212: result: yes
configure:8241: checking if gcc static flag -static works
configure:8269: result: yes
configure:8284: checking if gcc supports -c -o file.o
configure:8305: gcc -c -g -O2  -o out/conftest2.o conftest.c >&5
configure:8309: $? = 0
configure:8331: result: yes
configure:8339: checking if gcc supports -c -o file.o
configure:8386: result: yes
configure:8419: checking whether the gcc linker (/usr/bin/ld -m elf_x86_64) supports shared libraries
configure:9576: result: yes
configure:9613: checking whether -lc should be explicitly linked in
configure:9621: gcc -c -g -O2  conftest.c >&5
configure:9624: $? = 0
configure:9639: gcc -shared  -fPIC -DPIC conftest.o  -v -Wl,-soname -Wl,conftest -o conftest 2\>\&1 \| /bin/grep  -lc  \>/dev/null 2\>\&1
configure:9642: $? = 0
configure:9656: result: no
configure:9816: checking dynamic linker characteristics
configure:10316: gcc -o conftest -g -O2   -Wl,-rpath -Wl,/foo conftest.c  >&5
configure:10316: $? = 0
configure:10550: result: GNU/Linux ld.so
configure:10657: checking how to hardcode library paths into programs
configure:10682: result: immediate
configure:11222: checking whether stripping libraries is possible
configure:11227: result: yes
configure:11262: checking if libtool supports shared libraries
configure:11264: result: yes
configure:11267: checking whether to build shared libraries
configure:11288: result: yes
configure:11291: checking whether to build static libraries
configure:11295: result: yes
configure:11336: checking for floor in -lm
configure:11361: gcc -o conftest -g -O2   conftest.c -lm   >&5
conftest.c:30:6: warning: conflicting types for built-in function 'floor' [enabled by default]
configure:11361: $? = 0
configure:11370: result: yes
configure:11382: checking for init_pair in -lncurses
configure:11407: gcc -o conftest -g -O2   conftest.c -lncurses  -lm  >&5
configure:11407: $? = 0
configure:11416: result: yes
configure:11428: checking for comedi_close in -lcomedi
configure:11453: gcc -o conftest -g -O2   conftest.c -lcomedi  -lncurses -lm  >&5
configure:11453: $? = 0
configure:11462: result: yes
configure:11478: checking fcntl.h usability
configure:11478: gcc -c -g -O2  conftest.c >&5
configure:11478: $? = 0
configure:11478: result: yes
configure:11478: checking fcntl.h presence
configure:11478: gcc -E  conftest.c
configure:11478: $? = 0
configure:11478: result: yes
configure:11478: checking for fcntl.h
configure:11478: result: yes
configure:11478: checking for stdlib.h
configure:11478: result: yes
configure:11478: checking string.h, usability
configure:11478: gcc -c -g -O2  conftest.c >&5
conftest.c:61:21: fatal error: string.h,: No such file or directory
compilation terminated.
configure:11478: $? = 1
configure: failed program was:
| /* confdefs.h */
| #define PACKAGE_NAME "plcemu"
| #define PACKAGE_TARNAME "plcemu"
| #define PACKAGE_VERSION "1.5"
| #define PACKAGE_STRING "plcemu 1.5"
| #define PACKAGE_BUGREPORT "kalamara@users.sourceforge.net"
| #define PACKAGE_URL ""
| #define PACKAGE "plcemu"
| #define VERSION "1.5"
| #define STDC_HEADERS 1
| #define HAVE_SYS_TYPES_H 1
| #define HAVE_SYS_STAT_H 1
| #define HAVE_STDLIB_H 1
| #define HAVE_STRING_H 1
| #define HAVE_MEMORY_H 1
| #define HAVE_STRINGS_H 1
| #define HAVE_INTTYPES_H 1
| #define HAVE_STDINT_H 1
| #define HAVE_UNISTD_H 1
| #define HAVE_DLFCN_H 1
| #define LT_OBJDIR ".libs/"
| #define HAVE_LIBM 1
| #define HAVE_LIBNCURSES 1
| #define HAVE_LIBCOMEDI 1
| #define HAVE_FCNTL_H 1
| #define HAVE_STDLIB_H 1
| /* end confdefs.h.  */
| #include <stdio.h>
| #ifdef HAVE_SYS_TYPES_H
| # include <sys/types.h>
| #endif
| #ifdef HAVE_SYS_STAT_H
| # include <sys/stat.h>
| #endif
| #ifdef STDC_HEADERS
| # include <stdlib.h>
| # include <stddef.h>
| #else
| # ifdef HAVE_STDLIB_H
| #  include <stdlib.h>
| # endif
| #endif
| #ifdef HAVE_STRING_H
| # if !defined STDC_HEADERS && defined HAVE_MEMORY_H
| #  include <memory.h>
| # endif
| # include <string.h>
| #endif
| #ifdef HAVE_STRINGS_H
| # include <strings.h>
| #endif
| #ifdef HAVE_INTTYPES_H
| # include <inttypes.h>
| #endif
| #ifdef HAVE_STDINT_H
| # include <stdint.h>
| #endif
| #ifdef HAVE_UNISTD_H
| # include <unistd.h>
| #endif
| #include <string.h,>
configure:11478: result: no
configure:11478: checking string.h, presence
configure:11478: gcc -E  conftest.c
conftest.c:28:21: fatal error: string.h,: No such file or directory
compilation terminated.
configure:11478: $? = 1
configure: failed program was:
| /* confdefs.h */
| #define PACKAGE_NAME "plcemu"
| #define PACKAGE_TARNAME "plcemu"
| #define PACKAGE_VERSION "1.5"
| #define PACKAGE_STRING "plcemu 1.5"
| #define PACKAGE_BUGREPORT "kalamara@users.sourceforge.net"
| #define PACKAGE_URL ""
| #define PACKAGE "plcemu"
| #define VERSION "1.5"
| #define STDC_HEADERS 1
| #define HAVE_SYS_TYPES_H 1
| #define HAVE_SYS_STAT_H 1
| #define HAVE_STDLIB_H 1
| #define HAVE_STRING_H 1
| #define HAVE_MEMORY_H 1
| #define HAVE_STRINGS_H 1
| #define HAVE_INTTYPES_H 1
| #define HAVE_STDINT_H 1
| #define HAVE_UNISTD_H 1
| #define HAVE_DLFCN_H 1
| #define LT_OBJDIR ".libs/"
| #define HAVE_LIBM 1
| #define HAVE_LIBNCURSES 1
| #define HAVE_LIBCOMEDI 1
| #define HAVE_FCNTL_H 1
| #define HAVE_STDLIB_H 1
| /* end confdefs.h.  */
| #include <string.h,>
configure:11478: result: no
configure:11478: checking for string.h,
configure:11478: result: no
configure:11478: checking comedi.h usability
configure:11478: gcc -c -g -O2  conftest.c >&5
configure:11478: $? = 0
configure:11478: result: yes
configure:11478: checking comedi.h presence
configure:11478: gcc -E  conftest.c
configure:11478: $? = 0
configure:11478: result: yes
configure:11478: checking for comedi.h
configure:11478: result: yes
configure:11490: checking for stdbool.h that conforms to C99
configure:11557: gcc -c -g -O2  conftest.c >&5
configure:11557: $? = 0
configure:11564: result: yes
configure:11566: checking for _Bool
configure:11566: gcc -c -g -O2  conftest.c >&5
configure:11566: $? = 0
configure:11566: gcc -c -g -O2  conftest.c >&5
conftest.c: In function 'main':
conftest.c:65:20: error: expected expression before ')' token
configure:11566: $? = 1
configure: failed program was:
| /* confdefs.h */
| #define PACKAGE_NAME "plcemu"
| #define PACKAGE_TARNAME "plcemu"
| #define PACKAGE_VERSION "1.5"
| #define PACKAGE_STRING "plcemu 1.5"
| #define PACKAGE_BUGREPORT "kalamara@users.sourceforge.net"
| #define PACKAGE_URL ""
| #define PACKAGE "plcemu"
| #define VERSION "1.5"
| #define STDC_HEADERS 1
| #define HAVE_SYS_TYPES_H 1
| #define HAVE_SYS_STAT_H 1
| #define HAVE_STDLIB_H 1
| #define HAVE_STRING_H 1
| #define HAVE_MEMORY_H 1
| #define HAVE_STRINGS_H 1
| #define HAVE_INTTYPES_H 1
| #define HAVE_STDINT_H 1
| #define HAVE_UNISTD_H 1
| #define HAVE_DLFCN_H 1
| #define LT_OBJDIR ".libs/"
| #define HAVE_LIBM 1
| #define HAVE_LIBNCURSES 1
| #define HAVE_LIBCOMEDI 1
| #define HAVE_FCNTL_H 1
| #define HAVE_STDLIB_H 1
| #define HAVE_COMEDI_H 1
| /* end confdefs.h.  */
| #include <stdio.h>
| #ifdef HAVE_SYS_TYPES_H
| # include <sys/types.h>
| #endif
| #ifdef HAVE_SYS_STAT_H
| # include <sys/stat.h>
| #endif
| #ifdef STDC_HEADERS
| # include <stdlib.h>
| # include <stddef.h>
| #else
| # ifdef HAVE_STDLIB_H
| #  include <stdlib.h>
| # endif
| #endif
| #ifdef HAVE_STRING_H
| # if !defined STDC_HEADERS && defined HAVE_MEMORY_H
| #  include <memory.h>
| # endif
| # include <string.h>
| #endif
| #ifdef HAVE_STRINGS_H
| # include <strings.h>
| #endif
| #ifdef HAVE_INTTYPES_H
| # include <inttypes.h>
| #endif
| #ifdef HAVE_STDINT_H
| # include <stdint.h>
| #endif
| #ifdef HAVE_UNISTD_H
| # include <unistd.h>
| #endif
| int
| main ()
| {
| if (sizeof ((_Bool)))
| 	    return 0;
|   ;
|   return 0;
| }
configure:11566: result: yes
configure:11581: checking for stdlib.h
configure:11581: result: yes
configure:11591: checking for GNU libc compatible malloc
configure:11615: gcc -o conftest -g -O2   conftest.c -lcomedi -lncurses -lm  >&5
configure:11615: $? = 0
configure:11615: ./conftest
configure:11615: $? = 0
configure:11625: result: yes
configure:11649: checking for gettimeofday
configure:11649: gcc -o conftest -g -O2   conftest.c -lcomedi -lncurses -lm  >&5
configure:11649: $? = 0
configure:11649: result: yes
configure:11649: checking for memset
configure:11649: gcc -o conftest -g -O2   conftest.c -lcomedi -lncurses -lm  >&5
conftest.c:56:6: warning: conflicting types for built-in function 'memset' [enabled by default]
configure:11649: $? = 0
configure:11649: result: yes
configure:11649: checking for strchr
configure:11649: gcc -o conftest -g -O2   conftest.c -lcomedi -lncurses -lm  >&5
conftest.c:57:6: warning: conflicting types for built-in function 'strchr' [enabled by default]
configure:11649: $? = 0
configure:11649: result: yes
configure:11649: checking for strdup
configure:11649: gcc -o conftest -g -O2   conftest.c -lcomedi -lncurses -lm  >&5
conftest.c:58:6: warning: conflicting types for built-in function 'strdup' [enabled by default]
configure:11649: $? = 0
configure:11649: result: yes
configure:11649: checking for strrchr
configure:11649: gcc -o conftest -g -O2   conftest.c -lcomedi -lncurses -lm  >&5
conftest.c:59:6: warning: conflicting types for built-in function 'strrchr' [enabled by default]
configure:11649: $? = 0
configure:11649: result: yes
configure:11901: creating ./config.status

## ---------------------- ##
## Running config.status. ##
## ---------------------- ##

This file was extended by plcemu config.status 1.5, which was
generated by GNU Autoconf 2.69.  Invocation command line was

  CONFIG_FILES    = 
  CONFIG_HEADERS  = 
  CONFIG_LINKS    = 
  CONFIG_COMMANDS = 
  $ ./config.status 

on elvis

config.status:1006: creating Makefile
config.status:1178: executing depfiles commands
config.status:1178: executing libtool commands

## ---------------- ##
## Cache variables. ##
## ---------------- ##

ac_cv_build=x86_64-unknown-linux-gnu
ac_cv_c_compiler_gnu=yes
ac_cv_env_CC_set=
ac_cv_env_CC_value=
ac_cv_env_CFLAGS_set=
ac_cv_env_CFLAGS_value=
ac_cv_env_CPPFLAGS_set=
ac_cv_env_CPPFLAGS_value=
ac_cv_env_CPP_set=
ac_cv_env_CPP_value=
ac_cv_env_LDFLAGS_set=
ac_cv_env_LDFLAGS_value=
ac_cv_env_LIBS_set=
ac_cv_env_LIBS_value=
ac_cv_env_build_alias_set=
ac_cv_env_build_alias_value=
ac_cv_env_host_alias_set=
ac_cv_env_host_alias_value=
ac_cv_env_target_alias_set=
ac_cv_env_target_alias_value=
ac_cv_func_gettimeofday=yes
ac_cv_func_malloc_0_nonnull=yes
ac_cv_func_memset=yes
ac_cv_func_strchr=yes
ac_cv_func_strdup=yes
ac_cv_func_strrchr=yes
ac_cv_header_comedi_h=yes
ac_cv_header_dlfcn_h=yes
ac_cv_header_fcntl_h=yes
ac_cv_header_inttypes_h=yes
ac_cv_header_memory_h=yes
ac_cv_header_stdbool_h=yes
ac_cv_header_stdc=yes
ac_cv_header_stdint_h=yes
ac_cv_header_stdlib_h=yes
ac_cv_header_string_h=yes
ac_cv_header_string_h_=no
ac_cv_header_strings_h=yes
ac_cv_header_sys_stat_h=yes
ac_cv_header_sys_types_h=yes
ac_cv_header_unistd_h=yes
ac_cv_host=x86_64-unknown-linux-gnu
ac_cv_lib_comedi_comedi_close=yes
ac_cv_lib_m_floor=yes
ac_cv_lib_ncurses_init_pair=yes
ac_cv_objext=o
ac_cv_path_EGREP='/bin/grep -E'
ac_cv_path_FGREP='/bin/grep -F'
ac_cv_path_GREP=/bin/grep
ac_cv_path_SED=/bin/sed
ac_cv_path_install='/usr/bin/install -c'
ac_cv_path_mkdir=/bin/mkdir
ac_cv_prog_AWK=gawk
ac_cv_prog_CPP='gcc -E'
ac_cv_prog_ac_ct_AR=ar
ac_cv_prog_ac_ct_CC=gcc
ac_cv_prog_ac_ct_MANIFEST_TOOL=mt
ac_cv_prog_ac_ct_OBJDUMP=objdump
ac_cv_prog_ac_ct_RANLIB=ranlib
ac_cv_prog_ac_ct_STRIP=strip
ac_cv_prog_cc_c89=
ac_cv_prog_cc_g=yes
ac_cv_prog_make_make_set=yes
ac_cv_type__Bool=yes
am_cv_CC_dependencies_compiler_type=gcc3
lt_cv_ar_at_file=@
lt_cv_archive_cmds_need_lc=no
lt_cv_deplibs_check_method=pass_all
lt_cv_file_magic_cmd='$MAGIC_CMD'
lt_cv_file_magic_test_file=
lt_cv_ld_reload_flag=-r
lt_cv_nm_interface='BSD nm'
lt_cv_objdir=.libs
lt_cv_path_LD=/usr/bin/ld
lt_cv_path_NM='/usr/bin/nm -B'
lt_cv_path_mainfest_tool=no
lt_cv_prog_compiler_c_o=yes
lt_cv_prog_compiler_pic='-fPIC -DPIC'
lt_cv_prog_compiler_pic_works=yes
lt_cv_prog_compiler_rtti_exceptions=no
lt_cv_prog_compiler_static_works=yes
lt_cv_prog_gnu_ld=yes
lt_cv_sharedlib_from_linklib_cmd='printf %s\n'
lt_cv_shlibpath_overrides_runpath=no
lt_cv_sys_global_symbol_pipe='sed -n -e '\''s/^.*[	 ]\([ABCDGIRSTW][ABCDGIRSTW]*\)[	 ][	 ]*\([_A-Za-z][_A-Za-z0-9]*\)$/\1 \2 \2/p'\'' | sed '\''/ __gnu_lto/d'\'''
lt_cv_sys_global_symbol_to_c_name_address='sed -n -e '\''s/^: \([^ ]*\)[ ]*$/  {\"\1\", (void *) 0},/p'\'' -e '\''s/^[ABCDGIRSTW]* \([^ ]*\) \([^ ]*\)$/  {"\2", (void *) \&\2},/p'\'''
lt_cv_sys_global_symbol_to_c_name_address_lib_prefix='sed -n -e '\''s/^: \([^ ]*\)[ ]*$/  {\"\1\", (void *) 0},/p'\'' -e '\''s/^[ABCDGIRSTW]* \([^ ]*\) \(lib[^ ]*\)$/  {"\2", (void *) \&\2},/p'\'' -e '\''s/^[ABCDGIRSTW]* \([^ ]*\) \([^ ]*\)$/  {"lib\2", (void *) \&\2},/p'\'''
lt_cv_sys_global_symbol_to_cdecl='sed -n -e '\''s/^T .* \(.*\)$/extern int \1();/p'\'' -e '\''s/^[ABCDGIRSTW]* .* \(.*\)$/extern char \1;/p'\'''
lt_cv_sys_max_cmd_len=1572864
lt_cv_to_host_file_cmd=func_convert_file_noop
lt_cv_to_tool_file_cmd=func_convert_file_noop

## ----------------- ##
## Output variables. ##
## ----------------- ##

ACLOCAL='${SHELL} /home/antonis/qlcemu/plcemu/missing --run aclocal-1.11'
AMDEPBACKSLASH='\'
AMDEP_FALSE='#'
AMDEP_TRUE=''
AMTAR='$${TAR-tar}'
AR='ar'
AUTOCONF='${SHELL} /home/antonis/qlcemu/plcemu/missing --run autoconf'
AUTOHEADER='${SHELL} /home/antonis/qlcemu/plcemu/missing --run autoheader'
AUTOMAKE='${SHELL} /home/antonis/qlcemu/plcemu/missing --run automake-1.11'
AWK='gawk'
CC='gcc'
CCDEPMODE='depmode=gcc3'
CFLAGS='-g -O2'
CPP='gcc -E'
CPPFLAGS=''
CYGPATH_W='echo'
DEFS='-DPACKAGE_NAME=\"plcemu\" -DPACKAGE_TARNAME=\"plcemu\" -DPACKAGE_VERSION=\"1.5\" -DPACKAGE_STRING=\"plcemu\ 1.5\" -DPACKAGE_BUGREPORT=\"kalamara@users.sourceforge.net\" -DPACKAGE_URL=\"\" -DPACKAGE=\"plcemu\" -DVERSION=\"1.5\" -DSTDC_HEADERS=1 -DHAVE_SYS_TYPES_H=1 -DHAVE_SYS_STAT_H=1 -DHAVE_STDLIB_H=1 -DHAVE_STRING_H=1 -DHAVE_MEMORY_H=1 -DHAVE_STRINGS_H=1 -DHAVE_INTTYPES_H=1 -DHAVE_STDINT_H=1 -DHAVE_UNISTD_H=1 -DHAVE_DLFCN_H=1 -DLT_OBJDIR=\".libs/\" -DHAVE_LIBM=1 -DHAVE_LIBNCURSES=1 -DHAVE_LIBCOMEDI=1 -DHAVE_FCNTL_H=1 -DHAVE_STDLIB_H=1 -DHAVE_COMEDI_H=1 -DHAVE__BOOL=1 -DHAVE_STDLIB_H=1 -DHAVE_MALLOC=1 -DHAVE_GETTIMEOFDAY=1 -DHAVE_MEMSET=1 -DHAVE_STRCHR=1 -DHAVE_STRDUP=1 -DHAVE_STRRCHR=1'
DEPDIR='.deps'
DLLTOOL='false'
DSYMUTIL=''
DUMPBIN=''
ECHO_C=''
ECHO_N='-n'
ECHO_T=''
EGREP='/bin/grep -E'
EXEEXT=''
FGREP='/bin/grep -F'
GREP='/bin/grep'
INSTALL_DATA='${INSTALL} -m 644'
INSTALL_PROGRAM='${INSTALL}'
INSTALL_SCRIPT='${INSTALL}'
INSTALL_STRIP_PROGRAM='$(install_sh) -c -s'
LD='/usr/bin/ld -m elf_x86_64'
LDFLAGS=''
LIBOBJS=''
LIBS='-lcomedi -lncurses -lm '
LIBTOOL='$(SHELL) $(top_builddir)/libtool'
LIPO=''
LN_S='ln -s'
LTLIBOBJS=''
MAKEINFO='${SHELL} /home/antonis/qlcemu/plcemu/missing --run makeinfo'
MANIFEST_TOOL=':'
MKDIR_P='/bin/mkdir -p'
NM='/usr/bin/nm -B'
NMEDIT=''
OBJDUMP='objdump'
OBJEXT='o'
OTOOL64=''
OTOOL=''
PACKAGE='plcemu'
PACKAGE_BUGREPORT='kalamara@users.sourceforge.net'
PACKAGE_NAME='plcemu'
PACKAGE_STRING='plcemu 1.5'
PACKAGE_TARNAME='plcemu'
PACKAGE_URL=''
PACKAGE_VERSION='1.5'
PATH_SEPARATOR=':'
RANLIB='ranlib'
SED='/bin/sed'
SET_MAKE=''
SHELL='/bin/bash'
SIMULATION_FALSE='#'
SIMULATION_TRUE=''
STRIP='strip'
UI_FALSE='#'
UI_TRUE=''
USPACE_FALSE=''
USPACE_TRUE='#'
VERSION='1.5'
ac_ct_AR='ar'
ac_ct_CC='gcc'
ac_ct_DUMPBIN=''
am__EXEEXT_FALSE=''
am__EXEEXT_TRUE='#'
am__fastdepCC_FALSE='#'
am__fastdepCC_TRUE=''
am__include='include'
am__isrc=''
am__leading_dot='.'
am__nodep='_no'
am__quote=''
am__tar='$${TAR-tar} chof - "$$tardir"'
am__untar='$${TAR-tar} xf -'
bindir='${exec_prefix}/bin'
build='x86_64-unknown-linux-gnu'
build_alias=''
build_cpu='x86_64'
build_os='linux-gnu'
build_vendor='unknown'
datadir='${datarootdir}'
datarootdir='${prefix}/share'
docdir='${datarootdir}/doc/${PACKAGE_TARNAME}'
dvidir='${docdir}'
exec_prefix='${prefix}'
host='x86_64-unknown-linux-gnu'
host_alias=''
host_cpu='x86_64'
host_os='linux-gnu'
host_vendor='unknown'
htmldir='${docdir}'
includedir='${prefix}/include'
infodir='${datarootdir}/info'
install_sh='${SHELL} /home/antonis/qlcemu/plcemu/install-sh'
libdir='${exec_prefix}/lib'
libexecdir='${exec_prefix}/libexec'
localedir='${datarootdir}/locale'
localstatedir='${prefix}/var'
mandir='${datarootdir}/man'
mkdir_p='/bin/mkdir -p'
oldincludedir='/usr/include'
pdfdir='${docdir}'
prefix='/usr/local'
program_transform_name='s,x,x,'
psdir='${docdir}'
sbindir='${exec_prefix}/sbin'
sharedstatedir='${prefix}/com'
sysconfdir='${prefix}/etc'
target_alias=''

## ----------- ##
## confdefs.h. ##
## ----------- ##

/* confdefs.h */
#define PACKAGE_NAME "plcemu"
#define PACKAGE_TARNAME "plcemu"
#define PACKAGE_VERSION "1.5"
#define PACKAGE_STRING "plcemu 1.5"
#define PACKAGE_BUGREPORT "kalamara@users.sourceforge.net"
#define PACKAGE_URL ""
#define PACKAGE "plcemu"
#define VERSION "1.5"
#define STDC_HEADERS 1
#define HAVE_SYS_TYPES_H 1
#define HAVE_SYS_STAT_H 1
#define HAVE_STDLIB_H 1
#define HAVE_STRING_H 1
#define HAVE_MEMORY_H 1
#define HAVE_STRINGS_H 1
#define HAVE_INTTYPES_H 1
#define HAVE_STDINT_H 1
#define HAVE_UNISTD_H 1
#define HAVE_DLFCN_H 1
#define LT_OBJDIR ".libs/"
#define HAVE_LIBM 1
#define HAVE_LIBNCURSES 1
#define HAVE_LIBCOMEDI 1
#define HAVE_FCNTL_H 1
#define HAVE_STDLIB_H 1
#define HAVE_COMEDI_H 1
#define HAVE__BOOL 1
#define HAVE_STDLIB_H 1
#define HAVE_MALLOC 1
#define HAVE_GETTIMEOFDAY 1
#define HAVE_MEMSET 1
#define HAVE_STRCHR 1
#define HAVE_STRDUP 1
#define HAVE_STRRCHR 1

configure: exit 0

## ---------------------- ##
## Running config.status. ##
## ---------------------- ##

This file was extended by plcemu config.status 1.5, which was
generated by GNU Autoconf 2.69.  Invocation command line was

  CONFIG_FILES    = 
  CONFIG_HEADERS  = 
  CONFIG_LINKS    = 
  CONFIG_COMMANDS = 
  $ ./config.status Makefile depfiles

on elvis

config.status:1006: creating Makefile
config.status:1178: executing depfiles commands
