Looking for configuration from config.yml ...:Tue Oct  3 08:20:27 2017
STREAM START:Tue Oct  3 08:20:27 2017
Start Document:Tue Oct  3 08:20:27 2017
Got scalar (value STEP):Tue Oct  3 08:20:27 2017
Got scalar (value 10):Tue Oct  3 08:20:27 2017
Got scalar (value PIPE):Tue Oct  3 08:20:27 2017
Got scalar (value plcpipe):Tue Oct  3 08:20:27 2017
Got scalar (value HW):Tue Oct  3 08:20:27 2017
Got scalar (value STDI/O):Tue Oct  3 08:20:27 2017
Got scalar (value USPACE):Tue Oct  3 08:20:27 2017
Got scalar (value BASE):Tue Oct  3 08:20:27 2017
Got scalar (value 50176):Tue Oct  3 08:20:27 2017
Got scalar (value WR):Tue Oct  3 08:20:27 2017
Got scalar (value 4):Tue Oct  3 08:20:27 2017
Got scalar (value RD):Tue Oct  3 08:20:27 2017
Got scalar (value 0):Tue Oct  3 08:20:27 2017
End Mapping:Tue Oct  3 08:20:27 2017
Start Mapping:Tue Oct  3 08:20:27 2017
Got scalar (value COMEDI):Tue Oct  3 08:20:27 2017
Got scalar (value FILE):Tue Oct  3 08:20:27 2017
Got scalar (value 0):Tue Oct  3 08:20:27 2017
Got scalar (value SUBDEV):Tue Oct  3 08:20:27 2017
Got scalar (value IN):Tue Oct  3 08:20:27 2017
Got scalar (value 0):Tue Oct  3 08:20:27 2017
Got scalar (value OUT):Tue Oct  3 08:20:27 2017
Got scalar (value 1):Tue Oct  3 08:20:27 2017
End Mapping:Tue Oct  3 08:20:27 2017
Start Mapping:Tue Oct  3 08:20:27 2017
End Mapping:Tue Oct  3 08:20:27 2017
Start Mapping:Tue Oct  3 08:20:27 2017
Got scalar (value SIM):Tue Oct  3 08:20:27 2017
Got scalar (value INPUT):Tue Oct  3 08:20:27 2017
Got scalar (value sim.in):Tue Oct  3 08:20:27 2017
Got scalar (value OUTPUT):Tue Oct  3 08:20:27 2017
Got scalar (value sim.out):Tue Oct  3 08:20:27 2017
End Mapping:Tue Oct  3 08:20:27 2017
Start Mapping:Tue Oct  3 08:20:27 2017
Got scalar (value DI):Tue Oct  3 08:20:27 2017
Start Sequence:Tue Oct  3 08:20:27 2017
Got scalar (value 4):Tue Oct  3 08:20:27 2017
Got scalar (value INDEX):Tue Oct  3 08:20:27 2017
Got scalar (value 0):Tue Oct  3 08:20:27 2017
Got scalar (value ID):Tue Oct  3 08:20:27 2017
Got scalar (value my_button):Tue Oct  3 08:20:27 2017
End Mapping:Tue Oct  3 08:20:27 2017
Start Mapping:Tue Oct  3 08:20:27 2017
Got scalar (value INDEX):Tue Oct  3 08:20:27 2017
Got scalar (value 1):Tue Oct  3 08:20:27 2017
Got scalar (value ID):Tue Oct  3 08:20:27 2017
Got scalar (value my_other_button):Tue Oct  3 08:20:27 2017
End Mapping:Tue Oct  3 08:20:27 2017
Start Mapping:Tue Oct  3 08:20:27 2017
Got scalar (value INDEX):Tue Oct  3 08:20:27 2017
Got scalar (value 2):Tue Oct  3 08:20:27 2017
Got scalar (value ID):Tue Oct  3 08:20:27 2017
Got scalar (value another_button):Tue Oct  3 08:20:27 2017
End Mapping:Tue Oct  3 08:20:27 2017
Start Mapping:Tue Oct  3 08:20:27 2017
Got scalar (value INDEX):Tue Oct  3 08:20:27 2017
Got scalar (value 3):Tue Oct  3 08:20:27 2017
Got scalar (value ID):Tue Oct  3 08:20:27 2017
Got scalar (value one_more_button):Tue Oct  3 08:20:27 2017
End Mapping:Tue Oct  3 08:20:27 2017
Start Mapping:Tue Oct  3 08:20:27 2017
End Sequence:Tue Oct  3 08:20:27 2017
Got scalar (value DQ):Tue Oct  3 08:20:27 2017
Start Sequence:Tue Oct  3 08:20:27 2017
Got scalar (value 16):Tue Oct  3 08:20:27 2017
Got scalar (value INDEX):Tue Oct  3 08:20:27 2017
Got scalar (value 0):Tue Oct  3 08:20:27 2017
Got scalar (value ID):Tue Oct  3 08:20:27 2017
Got scalar (value my_led):Tue Oct  3 08:20:27 2017
End Mapping:Tue Oct  3 08:20:27 2017
Start Mapping:Tue Oct  3 08:20:27 2017
Got scalar (value INDEX):Tue Oct  3 08:20:27 2017
Got scalar (value 1):Tue Oct  3 08:20:27 2017
Got scalar (value ID):Tue Oct  3 08:20:27 2017
Got scalar (value ping):Tue Oct  3 08:20:27 2017
End Mapping:Tue Oct  3 08:20:27 2017
Start Mapping:Tue Oct  3 08:20:27 2017
Got scalar (value INDEX):Tue Oct  3 08:20:27 2017
Got scalar (value 3):Tue Oct  3 08:20:27 2017
Got scalar (value ID):Tue Oct  3 08:20:27 2017
Got scalar (value my_other_led):Tue Oct  3 08:20:27 2017
End Mapping:Tue Oct  3 08:20:27 2017
Start Mapping:Tue Oct  3 08:20:27 2017
End Sequence:Tue Oct  3 08:20:27 2017
Got scalar (value MREG):Tue Oct  3 08:20:27 2017
Start Sequence:Tue Oct  3 08:20:27 2017
Got scalar (value 32):Tue Oct  3 08:20:27 2017
Got scalar (value INDEX):Tue Oct  3 08:20:27 2017
Got scalar (value 0):Tue Oct  3 08:20:27 2017
Got scalar (value ID):Tue Oct  3 08:20:27 2017
Got scalar (value my_upcounter):Tue Oct  3 08:20:27 2017
Got scalar (value VALUE):Tue Oct  3 08:20:27 2017
Got scalar (value 64):Tue Oct  3 08:20:27 2017
End Mapping:Tue Oct  3 08:20:27 2017
Start Mapping:Tue Oct  3 08:20:27 2017
End Sequence:Tue Oct  3 08:20:27 2017
Got scalar (value TIMERS):Tue Oct  3 08:20:27 2017
Start Sequence:Tue Oct  3 08:20:27 2017
Got scalar (value 16):Tue Oct  3 08:20:27 2017
Got scalar (value INDEX):Tue Oct  3 08:20:27 2017
Got scalar (value 1):Tue Oct  3 08:20:27 2017
Got scalar (value ID):Tue Oct  3 08:20:27 2017
Got scalar (value my_timer):Tue Oct  3 08:20:27 2017
Got scalar (value RESOLUTION):Tue Oct  3 08:20:27 2017
Got scalar (value 10):Tue Oct  3 08:20:27 2017
Got scalar (value PRESET):Tue Oct  3 08:20:27 2017
Got scalar (value 10):Tue Oct  3 08:20:27 2017
End Mapping:Tue Oct  3 08:20:27 2017
Start Mapping:Tue Oct  3 08:20:27 2017
End Sequence:Tue Oct  3 08:20:27 2017
Got scalar (value PULSES):Tue Oct  3 08:20:27 2017
Start Sequence:Tue Oct  3 08:20:27 2017
Got scalar (value 16):Tue Oct  3 08:20:27 2017
Got scalar (value INDEX):Tue Oct  3 08:20:27 2017
Got scalar (value 1):Tue Oct  3 08:20:27 2017
Got scalar (value RESOLUTION):Tue Oct  3 08:20:27 2017
Got scalar (value 100):Tue Oct  3 08:20:27 2017
End Mapping:Tue Oct  3 08:20:27 2017
Start Mapping:Tue Oct  3 08:20:27 2017
End Sequence:Tue Oct  3 08:20:27 2017
Got scalar (value LD):Tue Oct  3 08:20:27 2017
Got scalar (value random.ld):Tue Oct  3 08:20:27 2017
End Mapping:Tue Oct  3 08:20:27 2017
Start Mapping:Tue Oct  3 08:20:27 2017
End Document:Tue Oct  3 08:20:27 2017
STREAM END:Tue Oct  3 08:20:27 2017
program interrupted:Tue Oct  3 08:20:57 2017
Total loops: 3232:Tue Oct  3 08:20:57 2017
Average loop time: 9249.238243 us:Tue Oct  3 08:20:57 2017
Standard deviation: +-71.925678 us:Tue Oct  3 08:20:57 2017
